

Started GET "/" for 127.0.0.1 at 2012-03-24 16:46:19 -0500
Processing by StaticPagesController#home as HTML
Completed 500 Internal Server Error in 53ms

ActiveRecord::StatementInvalid (Could not find table 'users'):
  app/helpers/sessions_helper.rb:49:in `user_from_remember_token'
  app/helpers/sessions_helper.rb:17:in `current_user'
  app/helpers/sessions_helper.rb:9:in `signed_in?'
  app/controllers/static_pages_controller.rb:4:in `home'


  Rendered /Users/ajsmith8/.rvm/gems/ruby-1.9.2-p290/gems/actionpack-3.2.2/lib/action_dispatch/middleware/templates/rescues/_trace.erb (2.7ms)
  Rendered /Users/ajsmith8/.rvm/gems/ruby-1.9.2-p290/gems/actionpack-3.2.2/lib/action_dispatch/middleware/templates/rescues/_request_and_response.erb (0.9ms)
  Rendered /Users/ajsmith8/.rvm/gems/ruby-1.9.2-p290/gems/actionpack-3.2.2/lib/action_dispatch/middleware/templates/rescues/diagnostics.erb within rescues/layout (21.5ms)


Started GET "/topics" for 127.0.0.1 at 2012-03-24 16:46:19 -0500

ActionController::RoutingError (No route matches [GET] "/topics"):
  actionpack (3.2.2) lib/action_dispatch/middleware/debug_exceptions.rb:21:in `call'
  actionpack (3.2.2) lib/action_dispatch/middleware/show_exceptions.rb:56:in `call'
  railties (3.2.2) lib/rails/rack/logger.rb:26:in `call_app'
  railties (3.2.2) lib/rails/rack/logger.rb:16:in `call'
  actionpack (3.2.2) lib/action_dispatch/middleware/request_id.rb:22:in `call'
  rack (1.4.1) lib/rack/methodoverride.rb:21:in `call'
  rack (1.4.1) lib/rack/runtime.rb:17:in `call'
  activesupport (3.2.2) lib/active_support/cache/strategy/local_cache.rb:72:in `call'
  rack (1.4.1) lib/rack/lock.rb:15:in `call'
  actionpack (3.2.2) lib/action_dispatch/middleware/static.rb:61:in `call'
  railties (3.2.2) lib/rails/engine.rb:479:in `call'
  railties (3.2.2) lib/rails/application.rb:220:in `call'
  rack (1.4.1) lib/rack/content_length.rb:14:in `call'
  railties (3.2.2) lib/rails/rack/log_tailer.rb:14:in `call'
  rack (1.4.1) lib/rack/handler/webrick.rb:59:in `service'
  /Users/ajsmith8/.rvm/rubies/ruby-1.9.2-p290/lib/ruby/1.9.1/webrick/httpserver.rb:111:in `service'
  /Users/ajsmith8/.rvm/rubies/ruby-1.9.2-p290/lib/ruby/1.9.1/webrick/httpserver.rb:70:in `run'
  /Users/ajsmith8/.rvm/rubies/ruby-1.9.2-p290/lib/ruby/1.9.1/webrick/server.rb:183:in `block in start_thread'


  Rendered /Users/ajsmith8/.rvm/gems/ruby-1.9.2-p290/gems/actionpack-3.2.2/lib/action_dispatch/middleware/templates/rescues/routing_error.erb within rescues/layout (0.9ms)
  [1m[36m (2.2ms)[0m  [1mselect sqlite_version(*)[0m
  [1m[35m (1.2ms)[0m  CREATE TABLE "schema_migrations" ("version" varchar(255) NOT NULL) 
  [1m[36m (0.0ms)[0m  [1mPRAGMA index_list("schema_migrations")[0m
  [1m[35m (1.2ms)[0m  CREATE UNIQUE INDEX "unique_schema_migrations" ON "schema_migrations" ("version")
  [1m[36m (0.1ms)[0m  [1mSELECT "schema_migrations"."version" FROM "schema_migrations" [0m
Migrating to CreateUsers (20120308032820)
  [1m[35m (0.0ms)[0m  begin transaction
  [1m[36m (0.4ms)[0m  [1mCREATE TABLE "users" ("id" INTEGER PRIMARY KEY AUTOINCREMENT NOT NULL, "name" varchar(255), "email" varchar(255), "created_at" datetime NOT NULL, "updated_at" datetime NOT NULL) [0m
  [1m[35m (0.1ms)[0m  INSERT INTO "schema_migrations" ("version") VALUES ('20120308032820')
  [1m[36m (1.0ms)[0m  [1mcommit transaction[0m
Migrating to AddIndexToUsersEmail (20120308034224)
  [1m[35m (0.0ms)[0m  begin transaction
  [1m[36m (0.0ms)[0m  [1mPRAGMA index_list("users")[0m
  [1m[35m (0.3ms)[0m  CREATE UNIQUE INDEX "index_users_on_email" ON "users" ("email")
  [1m[36m (0.1ms)[0m  [1mINSERT INTO "schema_migrations" ("version") VALUES ('20120308034224')[0m
  [1m[35m (1.0ms)[0m  commit transaction
Migrating to AddPasswordDigestToUsers (20120308034454)
  [1m[36m (0.1ms)[0m  [1mbegin transaction[0m
  [1m[35m (0.4ms)[0m  ALTER TABLE "users" ADD "password_digest" varchar(255)
  [1m[36m (0.1ms)[0m  [1mINSERT INTO "schema_migrations" ("version") VALUES ('20120308034454')[0m
  [1m[35m (0.9ms)[0m  commit transaction
Migrating to AddRememberTokenToUsers (20120308054414)
  [1m[36m (0.0ms)[0m  [1mbegin transaction[0m
  [1m[35m (0.3ms)[0m  ALTER TABLE "users" ADD "remember_token" varchar(255)
  [1m[36m (0.0ms)[0m  [1mPRAGMA index_list("users")[0m
  [1m[35m (0.0ms)[0m  PRAGMA index_info('index_users_on_email')
  [1m[36m (0.1ms)[0m  [1mCREATE INDEX "index_users_on_remember_token" ON "users" ("remember_token")[0m
  [1m[35m (0.1ms)[0m  INSERT INTO "schema_migrations" ("version") VALUES ('20120308054414')
  [1m[36m (0.8ms)[0m  [1mcommit transaction[0m
Migrating to AddAdminToUsers (20120308193644)
  [1m[35m (0.0ms)[0m  begin transaction
  [1m[36m (0.4ms)[0m  [1mALTER TABLE "users" ADD "admin" boolean DEFAULT 'f'[0m
  [1m[35m (0.1ms)[0m  INSERT INTO "schema_migrations" ("version") VALUES ('20120308193644')
  [1m[36m (1.0ms)[0m  [1mcommit transaction[0m
Migrating to CreateMicroposts (20120308210452)
  [1m[35m (0.0ms)[0m  begin transaction
  [1m[36m (0.3ms)[0m  [1mCREATE TABLE "microposts" ("id" INTEGER PRIMARY KEY AUTOINCREMENT NOT NULL, "content" varchar(255), "user_id" integer, "created_at" datetime NOT NULL, "updated_at" datetime NOT NULL) [0m
  [1m[35m (0.0ms)[0m  PRAGMA index_list("microposts")
  [1m[36m (0.1ms)[0m  [1mCREATE INDEX "index_microposts_on_user_id_and_created_at" ON "microposts" ("user_id", "created_at")[0m
  [1m[35m (0.1ms)[0m  INSERT INTO "schema_migrations" ("version") VALUES ('20120308210452')
  [1m[36m (1.0ms)[0m  [1mcommit transaction[0m
Migrating to CreateRelationships (20120308215846)
  [1m[35m (0.0ms)[0m  begin transaction
  [1m[36m (0.5ms)[0m  [1mCREATE TABLE "relationships" ("id" INTEGER PRIMARY KEY AUTOINCREMENT NOT NULL, "follower_id" integer, "followed_id" integer, "created_at" datetime NOT NULL, "updated_at" datetime NOT NULL) [0m
  [1m[35m (0.1ms)[0m  PRAGMA index_list("relationships")
  [1m[36m (0.3ms)[0m  [1mCREATE INDEX "index_relationships_on_follower_id" ON "relationships" ("follower_id")[0m
  [1m[35m (0.1ms)[0m  PRAGMA index_list("relationships")
  [1m[36m (0.1ms)[0m  [1mPRAGMA index_info('index_relationships_on_follower_id')[0m
  [1m[35m (0.2ms)[0m  CREATE INDEX "index_relationships_on_followed_id" ON "relationships" ("followed_id")
  [1m[36m (0.1ms)[0m  [1mPRAGMA index_list("relationships")[0m
  [1m[35m (0.0ms)[0m  PRAGMA index_info('index_relationships_on_followed_id')
  [1m[36m (0.0ms)[0m  [1mPRAGMA index_info('index_relationships_on_follower_id')[0m
  [1m[35m (0.5ms)[0m  CREATE UNIQUE INDEX "index_relationships_on_follower_id_and_followed_id" ON "relationships" ("follower_id", "followed_id")
  [1m[36m (0.1ms)[0m  [1mINSERT INTO "schema_migrations" ("version") VALUES ('20120308215846')[0m
  [1m[35m (1.2ms)[0m  commit transaction
  [1m[36m (0.3ms)[0m  [1mselect sqlite_version(*)[0m
  [1m[35m (0.1ms)[0m  SELECT "schema_migrations"."version" FROM "schema_migrations" 
  [1m[36m (0.1ms)[0m  [1mPRAGMA index_list("microposts")[0m
  [1m[35m (0.1ms)[0m  PRAGMA index_info('index_microposts_on_user_id_and_created_at')
  [1m[36m (0.1ms)[0m  [1mPRAGMA index_list("relationships")[0m
  [1m[35m (0.1ms)[0m  PRAGMA index_info('index_relationships_on_follower_id_and_followed_id')
  [1m[36m (0.0ms)[0m  [1mPRAGMA index_info('index_relationships_on_followed_id')[0m
  [1m[35m (0.1ms)[0m  PRAGMA index_info('index_relationships_on_follower_id')
  [1m[36m (0.1ms)[0m  [1mPRAGMA index_list("users")[0m
  [1m[35m (0.1ms)[0m  PRAGMA index_info('index_users_on_remember_token')
  [1m[36m (0.0ms)[0m  [1mPRAGMA index_info('index_users_on_email')[0m


Started GET "/" for 127.0.0.1 at 2012-03-24 16:46:58 -0500
Processing by StaticPagesController#home as HTML
  [1m[36mUser Load (0.2ms)[0m  [1mSELECT "users".* FROM "users" WHERE "users"."remember_token" = 'BAhbB2kLSSJFNjk0ZTdlMTYwZTExYzdmM2VkYjUyOGM0NzVlYmNmNDQwZWE0MzgyNzlhNjA1YzE0NzNlZDI3MmIyMWEwMjk0ZQY6BkVU--c82fbd62bd201ff70093923c43afe42b3f996726' LIMIT 1[0m
  [1m[35mCACHE (0.0ms)[0m  SELECT "users".* FROM "users" WHERE "users"."remember_token" = 'BAhbB2kLSSJFNjk0ZTdlMTYwZTExYzdmM2VkYjUyOGM0NzVlYmNmNDQwZWE0MzgyNzlhNjA1YzE0NzNlZDI3MmIyMWEwMjk0ZQY6BkVU--c82fbd62bd201ff70093923c43afe42b3f996726' LIMIT 1
  Rendered static_pages/home.html.erb within layouts/application (12.8ms)
Compiled custom.css  (1304ms)  (pid 4580)
Compiled sessions.css  (2ms)  (pid 4580)
Compiled static_pages.css  (1ms)  (pid 4580)
Compiled users.css  (1ms)  (pid 4580)
Compiled application.css  (1373ms)  (pid 4580)
Compiled jquery.js  (2ms)  (pid 4580)
Compiled jquery_ujs.js  (0ms)  (pid 4580)
Compiled bootstrap-transition.js  (0ms)  (pid 4580)
Compiled bootstrap-alert.js  (0ms)  (pid 4580)
Compiled bootstrap-button.js  (0ms)  (pid 4580)
Compiled bootstrap-carousel.js  (0ms)  (pid 4580)
Compiled bootstrap-collapse.js  (0ms)  (pid 4580)
Compiled bootstrap-dropdown.js  (0ms)  (pid 4580)
Compiled bootstrap-modal.js  (0ms)  (pid 4580)
Compiled bootstrap-scrollspy.js  (0ms)  (pid 4580)
Compiled bootstrap-tab.js  (0ms)  (pid 4580)
Compiled bootstrap-tooltip.js  (0ms)  (pid 4580)
Compiled bootstrap-popover.js  (0ms)  (pid 4580)
Compiled bootstrap-typeahead.js  (0ms)  (pid 4580)
Compiled bootstrap.js  (146ms)  (pid 4580)
Compiled sessions.js  (74ms)  (pid 4580)
Compiled static_pages.js  (63ms)  (pid 4580)
Compiled users.js  (90ms)  (pid 4580)
Compiled application.js  (449ms)  (pid 4580)
  Rendered layouts/_shim.html.erb (0.4ms)
  [1m[36mCACHE (0.0ms)[0m  [1mSELECT "users".* FROM "users" WHERE "users"."remember_token" = 'BAhbB2kLSSJFNjk0ZTdlMTYwZTExYzdmM2VkYjUyOGM0NzVlYmNmNDQwZWE0MzgyNzlhNjA1YzE0NzNlZDI3MmIyMWEwMjk0ZQY6BkVU--c82fbd62bd201ff70093923c43afe42b3f996726' LIMIT 1[0m
  Rendered layouts/_header.html.erb (2.6ms)
  Rendered layouts/_footer.html.erb (0.4ms)
Completed 200 OK in 1989ms (Views: 1931.0ms | ActiveRecord: 26.7ms)


Started GET "/assets/application.css?body=1" for 127.0.0.1 at 2012-03-24 16:47:01 -0500
Served asset /application.css - 200 OK (27ms)


Started GET "/assets/custom.css?body=1" for 127.0.0.1 at 2012-03-24 16:47:01 -0500
Served asset /custom.css - 200 OK (7ms)


Started GET "/assets/sessions.css?body=1" for 127.0.0.1 at 2012-03-24 16:47:01 -0500
Served asset /sessions.css - 200 OK (2ms)


Started GET "/assets/static_pages.css?body=1" for 127.0.0.1 at 2012-03-24 16:47:01 -0500
Served asset /static_pages.css - 200 OK (2ms)


Started GET "/assets/users.css?body=1" for 127.0.0.1 at 2012-03-24 16:47:01 -0500
Served asset /users.css - 200 OK (2ms)


Started GET "/assets/jquery.js?body=1" for 127.0.0.1 at 2012-03-24 16:47:01 -0500
Served asset /jquery.js - 200 OK (33ms)


Started GET "/assets/jquery_ujs.js?body=1" for 127.0.0.1 at 2012-03-24 16:47:01 -0500
Served asset /jquery_ujs.js - 200 OK (2ms)


Started GET "/assets/bootstrap-transition.js?body=1" for 127.0.0.1 at 2012-03-24 16:47:01 -0500
Served asset /bootstrap-transition.js - 200 OK (3ms)


Started GET "/assets/bootstrap-alert.js?body=1" for 127.0.0.1 at 2012-03-24 16:47:01 -0500
Served asset /bootstrap-alert.js - 200 OK (3ms)


Started GET "/assets/bootstrap-button.js?body=1" for 127.0.0.1 at 2012-03-24 16:47:01 -0500
Served asset /bootstrap-button.js - 200 OK (3ms)


Started GET "/assets/bootstrap-carousel.js?body=1" for 127.0.0.1 at 2012-03-24 16:47:01 -0500
Served asset /bootstrap-carousel.js - 200 OK (6ms)


Started GET "/assets/bootstrap-collapse.js?body=1" for 127.0.0.1 at 2012-03-24 16:47:01 -0500
Served asset /bootstrap-collapse.js - 200 OK (4ms)


Started GET "/assets/bootstrap-dropdown.js?body=1" for 127.0.0.1 at 2012-03-24 16:47:01 -0500
Served asset /bootstrap-dropdown.js - 200 OK (3ms)


Started GET "/assets/bootstrap-modal.js?body=1" for 127.0.0.1 at 2012-03-24 16:47:01 -0500
Served asset /bootstrap-modal.js - 200 OK (5ms)


Started GET "/assets/bootstrap-scrollspy.js?body=1" for 127.0.0.1 at 2012-03-24 16:47:01 -0500
Served asset /bootstrap-scrollspy.js - 200 OK (2ms)


Started GET "/assets/bootstrap-tab.js?body=1" for 127.0.0.1 at 2012-03-24 16:47:01 -0500
Served asset /bootstrap-tab.js - 200 OK (3ms)


Started GET "/assets/bootstrap-tooltip.js?body=1" for 127.0.0.1 at 2012-03-24 16:47:01 -0500
Served asset /bootstrap-tooltip.js - 200 OK (3ms)


Started GET "/assets/bootstrap-popover.js?body=1" for 127.0.0.1 at 2012-03-24 16:47:01 -0500
Served asset /bootstrap-popover.js - 200 OK (3ms)


Started GET "/assets/bootstrap-typeahead.js?body=1" for 127.0.0.1 at 2012-03-24 16:47:01 -0500
Served asset /bootstrap-typeahead.js - 200 OK (5ms)


Started GET "/assets/bootstrap.js?body=1" for 127.0.0.1 at 2012-03-24 16:47:01 -0500
Served asset /bootstrap.js - 200 OK (15ms)


Started GET "/assets/sessions.js?body=1" for 127.0.0.1 at 2012-03-24 16:47:01 -0500
Served asset /sessions.js - 200 OK (2ms)


Started GET "/assets/static_pages.js?body=1" for 127.0.0.1 at 2012-03-24 16:47:01 -0500
Served asset /static_pages.js - 200 OK (2ms)


Started GET "/assets/users.js?body=1" for 127.0.0.1 at 2012-03-24 16:47:01 -0500
Served asset /users.js - 200 OK (2ms)


Started GET "/assets/application.js?body=1" for 127.0.0.1 at 2012-03-24 16:47:01 -0500
Served asset /application.js - 200 OK (23ms)


Started GET "/assets/rails.png" for 127.0.0.1 at 2012-03-24 16:47:01 -0500
Served asset /rails.png - 200 OK (3ms)


Started GET "/signin" for 127.0.0.1 at 2012-03-24 16:47:04 -0500
Processing by SessionsController#new as HTML
  Rendered sessions/new.html.erb within layouts/application (130.3ms)
  Rendered layouts/_shim.html.erb (0.0ms)
  [1m[35mUser Load (0.2ms)[0m  SELECT "users".* FROM "users" WHERE "users"."remember_token" = 'BAhbB2kLSSJFNjk0ZTdlMTYwZTExYzdmM2VkYjUyOGM0NzVlYmNmNDQwZWE0MzgyNzlhNjA1YzE0NzNlZDI3MmIyMWEwMjk0ZQY6BkVU--c82fbd62bd201ff70093923c43afe42b3f996726' LIMIT 1
  Rendered layouts/_header.html.erb (1.5ms)
  Rendered layouts/_footer.html.erb (0.1ms)
Completed 200 OK in 147ms (Views: 145.9ms | ActiveRecord: 0.2ms)


Started POST "/sessions" for 127.0.0.1 at 2012-03-24 16:47:16 -0500
Processing by SessionsController#create as HTML
  Parameters: {"utf8"=>"✓", "authenticity_token"=>"7wvao+LT+cDA5acwI2hpeEPeMPTpGyRJMabWC2fsqMg=", "session"=>{"email"=>"example@rails_tutorial.org", "password"=>"[FILTERED]"}, "commit"=>"Sign in"}
  [1m[36mUser Load (0.2ms)[0m  [1mSELECT "users".* FROM "users" WHERE "users"."email" = 'example@rails_tutorial.org' LIMIT 1[0m
  Rendered sessions/new.html.erb within layouts/application (1.6ms)
  Rendered layouts/_shim.html.erb (0.0ms)
  [1m[35mUser Load (0.1ms)[0m  SELECT "users".* FROM "users" WHERE "users"."remember_token" = 'BAhbB2kLSSJFNjk0ZTdlMTYwZTExYzdmM2VkYjUyOGM0NzVlYmNmNDQwZWE0MzgyNzlhNjA1YzE0NzNlZDI3MmIyMWEwMjk0ZQY6BkVU--c82fbd62bd201ff70093923c43afe42b3f996726' LIMIT 1
  Rendered layouts/_header.html.erb (1.4ms)
  Rendered layouts/_footer.html.erb (0.1ms)
Completed 200 OK in 21ms (Views: 19.5ms | ActiveRecord: 0.3ms)


Started GET "/assets/bootstrap-button.js?body=1" for 127.0.0.1 at 2012-03-24 16:47:16 -0500
Served asset /bootstrap-button.js - 304 Not Modified (0ms)


Started GET "/assets/bootstrap-transition.js?body=1" for 127.0.0.1 at 2012-03-24 16:47:16 -0500
Served asset /bootstrap-transition.js - 304 Not Modified (0ms)


Started GET "/assets/bootstrap-alert.js?body=1" for 127.0.0.1 at 2012-03-24 16:47:16 -0500
Served asset /bootstrap-alert.js - 304 Not Modified (0ms)


Started GET "/assets/bootstrap-dropdown.js?body=1" for 127.0.0.1 at 2012-03-24 16:47:16 -0500
Served asset /bootstrap-dropdown.js - 304 Not Modified (0ms)


Started GET "/assets/bootstrap-carousel.js?body=1" for 127.0.0.1 at 2012-03-24 16:47:16 -0500
Served asset /bootstrap-carousel.js - 304 Not Modified (0ms)


Started GET "/assets/bootstrap-collapse.js?body=1" for 127.0.0.1 at 2012-03-24 16:47:16 -0500
Served asset /bootstrap-collapse.js - 304 Not Modified (0ms)


Started GET "/assets/bootstrap-modal.js?body=1" for 127.0.0.1 at 2012-03-24 16:47:16 -0500
Served asset /bootstrap-modal.js - 304 Not Modified (0ms)


Started GET "/assets/bootstrap-scrollspy.js?body=1" for 127.0.0.1 at 2012-03-24 16:47:16 -0500
Served asset /bootstrap-scrollspy.js - 304 Not Modified (0ms)


Started GET "/assets/bootstrap-tab.js?body=1" for 127.0.0.1 at 2012-03-24 16:47:16 -0500
Served asset /bootstrap-tab.js - 304 Not Modified (0ms)


Started GET "/assets/bootstrap-tooltip.js?body=1" for 127.0.0.1 at 2012-03-24 16:47:16 -0500
Served asset /bootstrap-tooltip.js - 304 Not Modified (0ms)


Started GET "/assets/bootstrap-popover.js?body=1" for 127.0.0.1 at 2012-03-24 16:47:16 -0500
Served asset /bootstrap-popover.js - 304 Not Modified (0ms)


Started GET "/assets/bootstrap-typeahead.js?body=1" for 127.0.0.1 at 2012-03-24 16:47:16 -0500
Served asset /bootstrap-typeahead.js - 304 Not Modified (0ms)


Started GET "/assets/bootstrap.js?body=1" for 127.0.0.1 at 2012-03-24 16:47:16 -0500
Served asset /bootstrap.js - 304 Not Modified (0ms)


Started POST "/sessions" for 127.0.0.1 at 2012-03-24 16:49:16 -0500
Processing by SessionsController#create as HTML
  Parameters: {"utf8"=>"✓", "authenticity_token"=>"7wvao+LT+cDA5acwI2hpeEPeMPTpGyRJMabWC2fsqMg=", "session"=>{"email"=>"mhartl@example.com", "password"=>"[FILTERED]"}, "commit"=>"Sign in"}
  [1m[36mUser Load (0.2ms)[0m  [1mSELECT "users".* FROM "users" WHERE "users"."email" = 'mhartl@example.com' LIMIT 1[0m
  Rendered sessions/new.html.erb within layouts/application (2.2ms)
  Rendered layouts/_shim.html.erb (0.0ms)
  [1m[35mUser Load (0.2ms)[0m  SELECT "users".* FROM "users" WHERE "users"."remember_token" = 'BAhbB2kLSSJFNjk0ZTdlMTYwZTExYzdmM2VkYjUyOGM0NzVlYmNmNDQwZWE0MzgyNzlhNjA1YzE0NzNlZDI3MmIyMWEwMjk0ZQY6BkVU--c82fbd62bd201ff70093923c43afe42b3f996726' LIMIT 1
  Rendered layouts/_header.html.erb (1.9ms)
  Rendered layouts/_footer.html.erb (0.1ms)
Completed 200 OK in 23ms (Views: 21.8ms | ActiveRecord: 0.3ms)


Started GET "/assets/bootstrap-transition.js?body=1" for 127.0.0.1 at 2012-03-24 16:49:16 -0500
Served asset /bootstrap-transition.js - 304 Not Modified (0ms)


Started GET "/assets/bootstrap-alert.js?body=1" for 127.0.0.1 at 2012-03-24 16:49:16 -0500
Served asset /bootstrap-alert.js - 304 Not Modified (0ms)


Started GET "/assets/bootstrap-button.js?body=1" for 127.0.0.1 at 2012-03-24 16:49:16 -0500
Served asset /bootstrap-button.js - 304 Not Modified (0ms)


Started GET "/assets/bootstrap-carousel.js?body=1" for 127.0.0.1 at 2012-03-24 16:49:16 -0500
Served asset /bootstrap-carousel.js - 304 Not Modified (0ms)


Started GET "/assets/bootstrap-modal.js?body=1" for 127.0.0.1 at 2012-03-24 16:49:16 -0500
Served asset /bootstrap-modal.js - 304 Not Modified (0ms)


Started GET "/assets/bootstrap-collapse.js?body=1" for 127.0.0.1 at 2012-03-24 16:49:16 -0500
Served asset /bootstrap-collapse.js - 304 Not Modified (0ms)


Started GET "/assets/bootstrap-dropdown.js?body=1" for 127.0.0.1 at 2012-03-24 16:49:16 -0500
Served asset /bootstrap-dropdown.js - 304 Not Modified (0ms)


Started GET "/assets/bootstrap-scrollspy.js?body=1" for 127.0.0.1 at 2012-03-24 16:49:16 -0500
Served asset /bootstrap-scrollspy.js - 304 Not Modified (0ms)


Started GET "/assets/bootstrap-tab.js?body=1" for 127.0.0.1 at 2012-03-24 16:49:16 -0500
Served asset /bootstrap-tab.js - 304 Not Modified (0ms)


Started GET "/assets/bootstrap-tooltip.js?body=1" for 127.0.0.1 at 2012-03-24 16:49:16 -0500
Served asset /bootstrap-tooltip.js - 304 Not Modified (0ms)


Started GET "/assets/bootstrap-popover.js?body=1" for 127.0.0.1 at 2012-03-24 16:49:16 -0500
Served asset /bootstrap-popover.js - 304 Not Modified (0ms)


Started GET "/assets/bootstrap-typeahead.js?body=1" for 127.0.0.1 at 2012-03-24 16:49:16 -0500
Served asset /bootstrap-typeahead.js - 304 Not Modified (0ms)


Started GET "/assets/bootstrap.js?body=1" for 127.0.0.1 at 2012-03-24 16:49:16 -0500
Served asset /bootstrap.js - 304 Not Modified (0ms)


Started GET "/signup" for 127.0.0.1 at 2012-03-24 16:50:43 -0500
Processing by UsersController#new as HTML
  Rendered shared/_error_messages.html.erb (0.4ms)
  Rendered users/new.html.erb within layouts/application (6.4ms)
  Rendered layouts/_shim.html.erb (0.0ms)
  [1m[36mUser Load (0.2ms)[0m  [1mSELECT "users".* FROM "users" WHERE "users"."remember_token" = 'BAhbB2kLSSJFNjk0ZTdlMTYwZTExYzdmM2VkYjUyOGM0NzVlYmNmNDQwZWE0MzgyNzlhNjA1YzE0NzNlZDI3MmIyMWEwMjk0ZQY6BkVU--c82fbd62bd201ff70093923c43afe42b3f996726' LIMIT 1[0m
  Rendered layouts/_header.html.erb (1.7ms)
  Rendered layouts/_footer.html.erb (0.1ms)
Completed 200 OK in 29ms (Views: 22.3ms | ActiveRecord: 0.2ms)


Started GET "/assets/bootstrap-transition.js?body=1" for 127.0.0.1 at 2012-03-24 16:50:43 -0500
Served asset /bootstrap-transition.js - 304 Not Modified (0ms)


Started GET "/assets/bootstrap-button.js?body=1" for 127.0.0.1 at 2012-03-24 16:50:43 -0500
Served asset /bootstrap-button.js - 304 Not Modified (0ms)


Started GET "/assets/bootstrap-carousel.js?body=1" for 127.0.0.1 at 2012-03-24 16:50:43 -0500
Served asset /bootstrap-carousel.js - 304 Not Modified (0ms)


Started GET "/assets/bootstrap-alert.js?body=1" for 127.0.0.1 at 2012-03-24 16:50:43 -0500
Served asset /bootstrap-alert.js - 304 Not Modified (0ms)


Started GET "/assets/bootstrap-modal.js?body=1" for 127.0.0.1 at 2012-03-24 16:50:43 -0500
Served asset /bootstrap-modal.js - 304 Not Modified (0ms)


Started GET "/assets/bootstrap-collapse.js?body=1" for 127.0.0.1 at 2012-03-24 16:50:43 -0500
Served asset /bootstrap-collapse.js - 304 Not Modified (0ms)


Started GET "/assets/bootstrap-dropdown.js?body=1" for 127.0.0.1 at 2012-03-24 16:50:43 -0500
Served asset /bootstrap-dropdown.js - 304 Not Modified (0ms)


Started GET "/assets/bootstrap-scrollspy.js?body=1" for 127.0.0.1 at 2012-03-24 16:50:43 -0500
Served asset /bootstrap-scrollspy.js - 304 Not Modified (0ms)


Started GET "/assets/bootstrap-tab.js?body=1" for 127.0.0.1 at 2012-03-24 16:50:43 -0500
Served asset /bootstrap-tab.js - 304 Not Modified (0ms)


Started GET "/assets/bootstrap-tooltip.js?body=1" for 127.0.0.1 at 2012-03-24 16:50:43 -0500
Served asset /bootstrap-tooltip.js - 304 Not Modified (0ms)


Started GET "/assets/bootstrap-popover.js?body=1" for 127.0.0.1 at 2012-03-24 16:50:43 -0500
Served asset /bootstrap-popover.js - 304 Not Modified (0ms)


Started GET "/assets/bootstrap-typeahead.js?body=1" for 127.0.0.1 at 2012-03-24 16:50:43 -0500
Served asset /bootstrap-typeahead.js - 304 Not Modified (0ms)


Started GET "/assets/bootstrap.js?body=1" for 127.0.0.1 at 2012-03-24 16:50:43 -0500
Served asset /bootstrap.js - 304 Not Modified (0ms)


Started POST "/users" for 127.0.0.1 at 2012-03-24 16:50:50 -0500
Processing by UsersController#create as HTML
  Parameters: {"utf8"=>"✓", "authenticity_token"=>"7wvao+LT+cDA5acwI2hpeEPeMPTpGyRJMabWC2fsqMg=", "user"=>{"name"=>"andrew", "email"=>"ajsmith8@gmail.com", "password"=>"[FILTERED]", "password_confirmation"=>"[FILTERED]"}, "commit"=>"Create my account"}
  [1m[35m (0.1ms)[0m  begin transaction
  [1m[36mUser Exists (0.1ms)[0m  [1mSELECT 1 FROM "users" WHERE LOWER("users"."email") = LOWER('ajsmith8@gmail.com') LIMIT 1[0m
Binary data inserted for `string` type on column `password_digest`
  [1m[35mSQL (3.4ms)[0m  INSERT INTO "users" ("admin", "created_at", "email", "name", "password_digest", "remember_token", "updated_at") VALUES (?, ?, ?, ?, ?, ?, ?)  [["admin", false], ["created_at", Sat, 24 Mar 2012 21:50:50 UTC +00:00], ["email", "ajsmith8@gmail.com"], ["name", "andrew"], ["password_digest", "$2a$10$XpPZVIgWRuOwacC56SlAVu6OYvG/unHrKpW010iBy6yEgfD8ghAA2"], ["remember_token", "9L5ag-XpRB0mrn-E65JU_Q"], ["updated_at", Sat, 24 Mar 2012 21:50:50 UTC +00:00]]
  [1m[36m (2.3ms)[0m  [1mcommit transaction[0m
Redirected to http://localhost:3000/users/1
Completed 302 Found in 154ms (ActiveRecord: 5.9ms)


Started GET "/users/1" for 127.0.0.1 at 2012-03-24 16:50:50 -0500
Processing by UsersController#show as HTML
  Parameters: {"id"=>"1"}
  [1m[35mUser Load (0.2ms)[0m  SELECT "users".* FROM "users" WHERE "users"."id" = ? LIMIT 1  [["id", "1"]]
  [1m[36mUser Load (0.2ms)[0m  [1mSELECT "users".* FROM "users" WHERE "users"."remember_token" = '9L5ag-XpRB0mrn-E65JU_Q' LIMIT 1[0m
  Rendered users/_follow_form.html.erb (0.4ms)
  [1m[35m (0.1ms)[0m  SELECT COUNT(*) FROM "microposts" WHERE "microposts"."user_id" = 1
  Rendered users/show.html.erb within layouts/application (4.2ms)
  Rendered layouts/_shim.html.erb (0.0ms)
  Rendered layouts/_header.html.erb (1.6ms)
  Rendered layouts/_footer.html.erb (0.1ms)
Completed 200 OK in 89ms (Views: 18.8ms | ActiveRecord: 0.7ms)


Started GET "/assets/bootstrap-transition.js?body=1" for 127.0.0.1 at 2012-03-24 16:50:50 -0500
Served asset /bootstrap-transition.js - 304 Not Modified (0ms)


Started GET "/assets/bootstrap-alert.js?body=1" for 127.0.0.1 at 2012-03-24 16:50:50 -0500
Served asset /bootstrap-alert.js - 304 Not Modified (0ms)


Started GET "/assets/bootstrap-carousel.js?body=1" for 127.0.0.1 at 2012-03-24 16:50:50 -0500
Served asset /bootstrap-carousel.js - 304 Not Modified (0ms)


Started GET "/assets/bootstrap-collapse.js?body=1" for 127.0.0.1 at 2012-03-24 16:50:50 -0500
Served asset /bootstrap-collapse.js - 304 Not Modified (0ms)


Started GET "/assets/bootstrap-dropdown.js?body=1" for 127.0.0.1 at 2012-03-24 16:50:50 -0500
Served asset /bootstrap-dropdown.js - 304 Not Modified (0ms)


Started GET "/assets/bootstrap-button.js?body=1" for 127.0.0.1 at 2012-03-24 16:50:50 -0500
Served asset /bootstrap-button.js - 304 Not Modified (0ms)


Started GET "/assets/bootstrap-modal.js?body=1" for 127.0.0.1 at 2012-03-24 16:50:50 -0500
Served asset /bootstrap-modal.js - 304 Not Modified (0ms)


Started GET "/assets/bootstrap-scrollspy.js?body=1" for 127.0.0.1 at 2012-03-24 16:50:50 -0500
Served asset /bootstrap-scrollspy.js - 304 Not Modified (0ms)


Started GET "/assets/bootstrap-tab.js?body=1" for 127.0.0.1 at 2012-03-24 16:50:50 -0500
Served asset /bootstrap-tab.js - 304 Not Modified (0ms)


Started GET "/assets/bootstrap-tooltip.js?body=1" for 127.0.0.1 at 2012-03-24 16:50:50 -0500
Served asset /bootstrap-tooltip.js - 304 Not Modified (0ms)


Started GET "/assets/bootstrap-popover.js?body=1" for 127.0.0.1 at 2012-03-24 16:50:50 -0500
Served asset /bootstrap-popover.js - 304 Not Modified (0ms)


Started GET "/assets/bootstrap-typeahead.js?body=1" for 127.0.0.1 at 2012-03-24 16:50:50 -0500
Served asset /bootstrap-typeahead.js - 304 Not Modified (0ms)


Started GET "/assets/bootstrap.js?body=1" for 127.0.0.1 at 2012-03-24 16:50:50 -0500
Served asset /bootstrap.js - 304 Not Modified (1ms)


Started GET "/" for 127.0.0.1 at 2012-03-24 16:50:53 -0500
Processing by StaticPagesController#home as HTML
  [1m[36mUser Load (0.2ms)[0m  [1mSELECT "users".* FROM "users" WHERE "users"."remember_token" = '9L5ag-XpRB0mrn-E65JU_Q' LIMIT 1[0m
  [1m[35m (0.2ms)[0m  SELECT COUNT(*) FROM "microposts" WHERE "microposts"."user_id" = 1
  Rendered shared/_user_info.html.erb (4.2ms)
  [1m[36m (0.1ms)[0m  [1mSELECT COUNT(*) FROM "users" INNER JOIN "relationships" ON "users"."id" = "relationships"."followed_id" WHERE "relationships"."follower_id" = 1[0m
  [1m[35m (0.1ms)[0m  SELECT COUNT(*) FROM "users" INNER JOIN "relationships" ON "users"."id" = "relationships"."follower_id" WHERE "relationships"."followed_id" = 1
  Rendered shared/_stats.html.erb (54.8ms)
  Rendered shared/_error_messages.html.erb (0.0ms)
  Rendered shared/_micropost_form.html.erb (3.1ms)
  [1m[36m (0.2ms)[0m  [1mSELECT COUNT(*) FROM "microposts" WHERE (user_id IN (SELECT followed_id FROM relationships
 WHERE follower_id = 1) OR user_id = 1)[0m
  Rendered shared/_feed.html.erb (1.7ms)
  Rendered static_pages/home.html.erb within layouts/application (66.6ms)
  Rendered layouts/_shim.html.erb (0.0ms)
  Rendered layouts/_header.html.erb (1.5ms)
  Rendered layouts/_footer.html.erb (0.1ms)
Completed 200 OK in 92ms (Views: 81.4ms | ActiveRecord: 1.0ms)


Started GET "/assets/bootstrap-transition.js?body=1" for 127.0.0.1 at 2012-03-24 16:50:53 -0500
Served asset /bootstrap-transition.js - 304 Not Modified (0ms)


Started GET "/assets/bootstrap-carousel.js?body=1" for 127.0.0.1 at 2012-03-24 16:50:53 -0500
Served asset /bootstrap-carousel.js - 304 Not Modified (0ms)


Started GET "/assets/bootstrap-collapse.js?body=1" for 127.0.0.1 at 2012-03-24 16:50:53 -0500
Served asset /bootstrap-collapse.js - 304 Not Modified (0ms)


Started GET "/assets/bootstrap-alert.js?body=1" for 127.0.0.1 at 2012-03-24 16:50:53 -0500
Served asset /bootstrap-alert.js - 304 Not Modified (0ms)


Started GET "/assets/bootstrap-button.js?body=1" for 127.0.0.1 at 2012-03-24 16:50:53 -0500
Served asset /bootstrap-button.js - 304 Not Modified (0ms)


Started GET "/assets/bootstrap-dropdown.js?body=1" for 127.0.0.1 at 2012-03-24 16:50:53 -0500
Served asset /bootstrap-dropdown.js - 304 Not Modified (0ms)


Started GET "/assets/bootstrap-modal.js?body=1" for 127.0.0.1 at 2012-03-24 16:50:53 -0500
Served asset /bootstrap-modal.js - 304 Not Modified (0ms)


Started GET "/assets/bootstrap-scrollspy.js?body=1" for 127.0.0.1 at 2012-03-24 16:50:53 -0500
Served asset /bootstrap-scrollspy.js - 304 Not Modified (0ms)


Started GET "/assets/bootstrap-tab.js?body=1" for 127.0.0.1 at 2012-03-24 16:50:53 -0500
Served asset /bootstrap-tab.js - 304 Not Modified (0ms)


Started GET "/assets/bootstrap-tooltip.js?body=1" for 127.0.0.1 at 2012-03-24 16:50:53 -0500
Served asset /bootstrap-tooltip.js - 304 Not Modified (0ms)


Started GET "/assets/bootstrap-popover.js?body=1" for 127.0.0.1 at 2012-03-24 16:50:53 -0500
Served asset /bootstrap-popover.js - 304 Not Modified (0ms)


Started GET "/assets/bootstrap-typeahead.js?body=1" for 127.0.0.1 at 2012-03-24 16:50:53 -0500
Served asset /bootstrap-typeahead.js - 304 Not Modified (0ms)


Started GET "/assets/bootstrap.js?body=1" for 127.0.0.1 at 2012-03-24 16:50:53 -0500
Served asset /bootstrap.js - 304 Not Modified (0ms)


Started GET "/users" for 127.0.0.1 at 2012-03-24 16:50:53 -0500
Processing by UsersController#index as HTML
  [1m[35mUser Load (0.2ms)[0m  SELECT "users".* FROM "users" WHERE "users"."remember_token" = '9L5ag-XpRB0mrn-E65JU_Q' LIMIT 1
  [1m[36m (0.2ms)[0m  [1mSELECT COUNT(*) FROM "users" [0m
  [1m[35mUser Load (0.2ms)[0m  SELECT "users".* FROM "users" LIMIT 30 OFFSET 0
  Rendered users/_user.html.erb (1.8ms)
  Rendered users/index.html.erb within layouts/application (7.0ms)
  Rendered layouts/_shim.html.erb (0.0ms)
  Rendered layouts/_header.html.erb (1.6ms)
  Rendered layouts/_footer.html.erb (0.1ms)
Completed 200 OK in 27ms (Views: 25.3ms | ActiveRecord: 0.6ms)


Started GET "/assets/bootstrap-transition.js?body=1" for 127.0.0.1 at 2012-03-24 16:50:53 -0500
Served asset /bootstrap-transition.js - 304 Not Modified (0ms)


Started GET "/assets/bootstrap-alert.js?body=1" for 127.0.0.1 at 2012-03-24 16:50:53 -0500
Served asset /bootstrap-alert.js - 304 Not Modified (0ms)


Started GET "/assets/bootstrap-collapse.js?body=1" for 127.0.0.1 at 2012-03-24 16:50:53 -0500
Served asset /bootstrap-collapse.js - 304 Not Modified (0ms)


Started GET "/assets/bootstrap-carousel.js?body=1" for 127.0.0.1 at 2012-03-24 16:50:53 -0500
Served asset /bootstrap-carousel.js - 304 Not Modified (0ms)


Started GET "/assets/bootstrap-button.js?body=1" for 127.0.0.1 at 2012-03-24 16:50:53 -0500
Served asset /bootstrap-button.js - 304 Not Modified (0ms)


Started GET "/assets/bootstrap-dropdown.js?body=1" for 127.0.0.1 at 2012-03-24 16:50:53 -0500
Served asset /bootstrap-dropdown.js - 304 Not Modified (0ms)


Started GET "/assets/bootstrap-modal.js?body=1" for 127.0.0.1 at 2012-03-24 16:50:53 -0500
Served asset /bootstrap-modal.js - 304 Not Modified (0ms)


Started GET "/assets/bootstrap-scrollspy.js?body=1" for 127.0.0.1 at 2012-03-24 16:50:53 -0500
Served asset /bootstrap-scrollspy.js - 304 Not Modified (0ms)


Started GET "/assets/bootstrap-tab.js?body=1" for 127.0.0.1 at 2012-03-24 16:50:53 -0500
Served asset /bootstrap-tab.js - 304 Not Modified (0ms)


Started GET "/assets/bootstrap-tooltip.js?body=1" for 127.0.0.1 at 2012-03-24 16:50:53 -0500
Served asset /bootstrap-tooltip.js - 304 Not Modified (0ms)


Started GET "/assets/bootstrap-popover.js?body=1" for 127.0.0.1 at 2012-03-24 16:50:53 -0500
Served asset /bootstrap-popover.js - 304 Not Modified (0ms)


Started GET "/assets/bootstrap-typeahead.js?body=1" for 127.0.0.1 at 2012-03-24 16:50:53 -0500
Served asset /bootstrap-typeahead.js - 304 Not Modified (0ms)


Started GET "/assets/bootstrap.js?body=1" for 127.0.0.1 at 2012-03-24 16:50:53 -0500
Served asset /bootstrap.js - 304 Not Modified (0ms)


Started GET "/" for 127.0.0.1 at 2012-03-24 16:50:54 -0500
Processing by StaticPagesController#home as HTML
  [1m[36mUser Load (0.2ms)[0m  [1mSELECT "users".* FROM "users" WHERE "users"."remember_token" = '9L5ag-XpRB0mrn-E65JU_Q' LIMIT 1[0m
  [1m[35m (0.2ms)[0m  SELECT COUNT(*) FROM "microposts" WHERE "microposts"."user_id" = 1
  Rendered shared/_user_info.html.erb (4.2ms)
  [1m[36m (0.2ms)[0m  [1mSELECT COUNT(*) FROM "users" INNER JOIN "relationships" ON "users"."id" = "relationships"."followed_id" WHERE "relationships"."follower_id" = 1[0m
  [1m[35m (0.2ms)[0m  SELECT COUNT(*) FROM "users" INNER JOIN "relationships" ON "users"."id" = "relationships"."follower_id" WHERE "relationships"."followed_id" = 1
  Rendered shared/_stats.html.erb (3.4ms)
  Rendered shared/_error_messages.html.erb (0.0ms)
  Rendered shared/_micropost_form.html.erb (1.7ms)
  [1m[36m (0.2ms)[0m  [1mSELECT COUNT(*) FROM "microposts" WHERE (user_id IN (SELECT followed_id FROM relationships
 WHERE follower_id = 1) OR user_id = 1)[0m
  Rendered shared/_feed.html.erb (1.1ms)
  Rendered static_pages/home.html.erb within layouts/application (13.1ms)
  Rendered layouts/_shim.html.erb (0.0ms)
  Rendered layouts/_header.html.erb (29.9ms)
  Rendered layouts/_footer.html.erb (0.1ms)
Completed 200 OK in 61ms (Views: 57.6ms | ActiveRecord: 1.0ms)


Started GET "/assets/bootstrap-transition.js?body=1" for 127.0.0.1 at 2012-03-24 16:50:55 -0500
Served asset /bootstrap-transition.js - 304 Not Modified (0ms)


Started GET "/assets/bootstrap-alert.js?body=1" for 127.0.0.1 at 2012-03-24 16:50:55 -0500
Served asset /bootstrap-alert.js - 304 Not Modified (0ms)


Started GET "/assets/bootstrap-button.js?body=1" for 127.0.0.1 at 2012-03-24 16:50:55 -0500
Served asset /bootstrap-button.js - 304 Not Modified (0ms)


Started GET "/assets/bootstrap-carousel.js?body=1" for 127.0.0.1 at 2012-03-24 16:50:55 -0500
Served asset /bootstrap-carousel.js - 304 Not Modified (0ms)


Started GET "/assets/bootstrap-collapse.js?body=1" for 127.0.0.1 at 2012-03-24 16:50:55 -0500
Served asset /bootstrap-collapse.js - 304 Not Modified (0ms)


Started GET "/assets/bootstrap-dropdown.js?body=1" for 127.0.0.1 at 2012-03-24 16:50:55 -0500
Served asset /bootstrap-dropdown.js - 304 Not Modified (0ms)


Started GET "/assets/bootstrap-modal.js?body=1" for 127.0.0.1 at 2012-03-24 16:50:55 -0500
Served asset /bootstrap-modal.js - 304 Not Modified (0ms)


Started GET "/assets/bootstrap-scrollspy.js?body=1" for 127.0.0.1 at 2012-03-24 16:50:55 -0500
Served asset /bootstrap-scrollspy.js - 304 Not Modified (0ms)


Started GET "/assets/bootstrap-tab.js?body=1" for 127.0.0.1 at 2012-03-24 16:50:55 -0500
Served asset /bootstrap-tab.js - 304 Not Modified (0ms)


Started GET "/assets/bootstrap-tooltip.js?body=1" for 127.0.0.1 at 2012-03-24 16:50:55 -0500
Served asset /bootstrap-tooltip.js - 304 Not Modified (0ms)


Started GET "/assets/bootstrap-popover.js?body=1" for 127.0.0.1 at 2012-03-24 16:50:55 -0500
Served asset /bootstrap-popover.js - 304 Not Modified (0ms)


Started GET "/assets/bootstrap-typeahead.js?body=1" for 127.0.0.1 at 2012-03-24 16:50:55 -0500
Served asset /bootstrap-typeahead.js - 304 Not Modified (0ms)


Started GET "/assets/bootstrap.js?body=1" for 127.0.0.1 at 2012-03-24 16:50:55 -0500
Served asset /bootstrap.js - 304 Not Modified (0ms)


Started POST "/microposts" for 127.0.0.1 at 2012-03-24 16:50:57 -0500
Processing by MicropostsController#create as HTML
  Parameters: {"utf8"=>"✓", "authenticity_token"=>"7wvao+LT+cDA5acwI2hpeEPeMPTpGyRJMabWC2fsqMg=", "micropost"=>{"content"=>"durrr"}, "commit"=>"Post"}
  [1m[35mUser Load (0.2ms)[0m  SELECT "users".* FROM "users" WHERE "users"."remember_token" = '9L5ag-XpRB0mrn-E65JU_Q' LIMIT 1
  [1m[36m (0.0ms)[0m  [1mbegin transaction[0m
  [1m[35mSQL (0.5ms)[0m  INSERT INTO "microposts" ("content", "created_at", "updated_at", "user_id") VALUES (?, ?, ?, ?)  [["content", "durrr"], ["created_at", Sat, 24 Mar 2012 21:50:57 UTC +00:00], ["updated_at", Sat, 24 Mar 2012 21:50:57 UTC +00:00], ["user_id", 1]]
  [1m[36m (0.8ms)[0m  [1mcommit transaction[0m
Redirected to http://localhost:3000/
Completed 302 Found in 7ms (ActiveRecord: 1.5ms)


Started GET "/" for 127.0.0.1 at 2012-03-24 16:50:57 -0500
Processing by StaticPagesController#home as HTML
  [1m[35mUser Load (0.2ms)[0m  SELECT "users".* FROM "users" WHERE "users"."remember_token" = '9L5ag-XpRB0mrn-E65JU_Q' LIMIT 1
  [1m[36m (0.1ms)[0m  [1mSELECT COUNT(*) FROM "microposts" WHERE "microposts"."user_id" = 1[0m
  Rendered shared/_user_info.html.erb (1.8ms)
  [1m[35m (0.1ms)[0m  SELECT COUNT(*) FROM "users" INNER JOIN "relationships" ON "users"."id" = "relationships"."followed_id" WHERE "relationships"."follower_id" = 1
  [1m[36m (0.1ms)[0m  [1mSELECT COUNT(*) FROM "users" INNER JOIN "relationships" ON "users"."id" = "relationships"."follower_id" WHERE "relationships"."followed_id" = 1[0m
  Rendered shared/_stats.html.erb (2.5ms)
  Rendered shared/_error_messages.html.erb (0.0ms)
  Rendered shared/_micropost_form.html.erb (1.5ms)
  [1m[35m (0.2ms)[0m  SELECT COUNT(*) FROM "microposts" WHERE (user_id IN (SELECT followed_id FROM relationships
 WHERE follower_id = 1) OR user_id = 1)
  [1m[36mMicropost Load (0.3ms)[0m  [1mSELECT "microposts".* FROM "microposts" WHERE (user_id IN (SELECT followed_id FROM relationships
 WHERE follower_id = 1) OR user_id = 1) ORDER BY microposts.created_at DESC LIMIT 30 OFFSET 0[0m
  [1m[35mUser Load (0.2ms)[0m  SELECT "users".* FROM "users" WHERE "users"."id" = 1 LIMIT 1
  Rendered shared/_feed_item.html.erb (16.6ms)
  Rendered shared/_feed.html.erb (19.9ms)
  Rendered static_pages/home.html.erb within layouts/application (27.8ms)
  Rendered layouts/_shim.html.erb (0.0ms)
  Rendered layouts/_header.html.erb (1.3ms)
  Rendered layouts/_footer.html.erb (0.1ms)
Completed 200 OK in 47ms (Views: 43.1ms | ActiveRecord: 1.3ms)


Started GET "/assets/bootstrap-transition.js?body=1" for 127.0.0.1 at 2012-03-24 16:50:58 -0500
Served asset /bootstrap-transition.js - 304 Not Modified (0ms)


Started GET "/assets/bootstrap-button.js?body=1" for 127.0.0.1 at 2012-03-24 16:50:58 -0500
Served asset /bootstrap-button.js - 304 Not Modified (0ms)


Started GET "/assets/bootstrap-carousel.js?body=1" for 127.0.0.1 at 2012-03-24 16:50:58 -0500
Served asset /bootstrap-carousel.js - 304 Not Modified (0ms)


Started GET "/assets/bootstrap-collapse.js?body=1" for 127.0.0.1 at 2012-03-24 16:50:58 -0500
Served asset /bootstrap-collapse.js - 304 Not Modified (0ms)


Started GET "/assets/bootstrap-alert.js?body=1" for 127.0.0.1 at 2012-03-24 16:50:58 -0500
Served asset /bootstrap-alert.js - 304 Not Modified (0ms)


Started GET "/assets/bootstrap-dropdown.js?body=1" for 127.0.0.1 at 2012-03-24 16:50:58 -0500
Served asset /bootstrap-dropdown.js - 304 Not Modified (0ms)


Started GET "/assets/bootstrap-modal.js?body=1" for 127.0.0.1 at 2012-03-24 16:50:58 -0500
Served asset /bootstrap-modal.js - 304 Not Modified (0ms)


Started GET "/assets/bootstrap-scrollspy.js?body=1" for 127.0.0.1 at 2012-03-24 16:50:58 -0500
Served asset /bootstrap-scrollspy.js - 304 Not Modified (0ms)


Started GET "/assets/bootstrap-tab.js?body=1" for 127.0.0.1 at 2012-03-24 16:50:58 -0500
Served asset /bootstrap-tab.js - 304 Not Modified (0ms)


Started GET "/assets/bootstrap-tooltip.js?body=1" for 127.0.0.1 at 2012-03-24 16:50:58 -0500
Served asset /bootstrap-tooltip.js - 304 Not Modified (0ms)


Started GET "/assets/bootstrap-popover.js?body=1" for 127.0.0.1 at 2012-03-24 16:50:58 -0500
Served asset /bootstrap-popover.js - 304 Not Modified (0ms)


Started GET "/assets/bootstrap-typeahead.js?body=1" for 127.0.0.1 at 2012-03-24 16:50:58 -0500
Served asset /bootstrap-typeahead.js - 304 Not Modified (0ms)


Started GET "/assets/bootstrap.js?body=1" for 127.0.0.1 at 2012-03-24 16:50:58 -0500
Served asset /bootstrap.js - 304 Not Modified (1ms)
